<?xml version="1.0" encoding="UTF-8"?>
<!-- Generated by org.testng.reporters.JUnitXMLReporter -->
<testsuite ignored="0" hostname="LAPTOP-1BGLIOF3" failures="0" tests="4" name="Test" time="0.073" errors="0" timestamp="2023-04-20T11:36:13 IST">
  <testcase classname="customer.C1Test" name="t1" time="0.009"/>
  <testcase classname="customer.C1Test" name="t2" time="0.001"/>
  <testcase classname="customer.C2Test" name="t3" time="0.001"/>
  <testcase classname="customer.C2Test" name="t4" time="0.001"/>
</testsuite> <!-- Test -->
