<?xml version="1.0" encoding="UTF-8"?>
<!-- Generated by org.testng.reporters.JUnitXMLReporter -->
<testsuite hostname="LAPTOP-1BGLIOF3" ignored="0" name="Test" tests="4" failures="0" timestamp="2023-04-20T12:20:55 IST" time="0.067" errors="0">
  <testcase name="t1" time="0.006" classname="customer.C1Test"/>
  <testcase name="t2" time="0.001" classname="customer.C1Test"/>
  <testcase name="t3" time="0.001" classname="customer.C2Test"/>
  <testcase name="t4" time="0.001" classname="customer.C2Test"/>
</testsuite> <!-- Test -->
